<?xml version="1.0" encoding="UTF-8"?>
<!-- Generated by org.testng.reporters.JUnitReportReporter -->
<testsuite hostname="MT11-410" failures="0" tests="4" name="testclass.JoinLeagueTest" time="36.742" errors="0" timestamp="2019-12-13T18:35:13 IST" skipped="1">
  <testcase classname="testclass.JoinLeagueTest" name="loginToPortal" time="12.797"/>
  <testcase classname="testclass.JoinLeagueTest" name="select_A_Match" time="7.787"/>
  <testcase classname="testclass.JoinLeagueTest" name="Join_Private_contest" time="16.158"/>
  <testcase classname="testclass.JoinLeagueTest" name="join_A_Contest">
    <skipped/>
  </testcase> <!-- join_A_Contest -->
</testsuite> <!-- testclass.JoinLeagueTest -->
