<?xml version="1.0" encoding="UTF-8"?>
<!-- Generated by org.testng.reporters.JUnitReportReporter -->
<testsuite hostname="DESKTOP-DBL0MJR" failures="0" tests="4" name="testclass.BeforeLogin" time="0.277" errors="0" timestamp="2019-10-31T16:47:05 IST" skipped="3">
  <testcase classname="testclass.BeforeLogin" name="PlayNowbtn" time="0.277"/>
  <testcase classname="testclass.BeforeLogin" name="createTeame">
    <skipped/>
  </testcase> <!-- createTeame -->
  <testcase classname="testclass.BeforeLogin" name="GotoMatch">
    <skipped/>
  </testcase> <!-- GotoMatch -->
  <testcase classname="testclass.BeforeLogin" name="Selectmatch">
    <skipped/>
  </testcase> <!-- Selectmatch -->
</testsuite> <!-- testclass.BeforeLogin -->
