<?xml version="1.0" encoding="UTF-8"?>
<!-- Generated by org.testng.reporters.JUnitReportReporter -->
<testsuite hostname="MT11-410" failures="0" tests="9" name="testclass.JoinLeagueTest" time="25.759" errors="0" timestamp="2020-02-03T18:09:42 IST" skipped="6">
  <testcase classname="testclass.JoinLeagueTest" name="loginToPortal" time="9.483"/>
  <testcase classname="testclass.JoinLeagueTest" name="select_A_Match" time="3.403"/>
  <testcase classname="testclass.JoinLeagueTest" name="join_league_Less_Than_100Member" time="12.873"/>
  <testcase classname="testclass.JoinLeagueTest" name="join_league_More_Than_100_Member">
    <skipped/>
  </testcase> <!-- join_league_More_Than_100_Member -->
  <testcase classname="testclass.JoinLeagueTest" name="Join_Mega_Contest">
    <skipped/>
  </testcase> <!-- Join_Mega_Contest -->
  <testcase classname="testclass.JoinLeagueTest" name="Join_Private_contest">
    <skipped/>
  </testcase> <!-- Join_Private_contest -->
  <testcase classname="testclass.JoinLeagueTest" name="CreatetTeam">
    <skipped/>
  </testcase> <!-- CreatetTeam -->
  <testcase classname="testclass.JoinLeagueTest" name="JoineLeague_Of_6_Teams">
    <skipped/>
  </testcase> <!-- JoineLeague_Of_6_Teams -->
  <testcase classname="testclass.JoinLeagueTest" name="join_league_2_Members">
    <skipped/>
  </testcase> <!-- join_league_2_Members -->
</testsuite> <!-- testclass.JoinLeagueTest -->
