<?xml version="1.0" encoding="UTF-8"?>
<!-- Generated by org.testng.reporters.JUnitReportReporter -->
<testsuite hostname="MT11-410" failures="0" tests="5" name="testclass.loginTest" time="12.586" errors="0" timestamp="2019-12-26T12:41:30 IST" skipped="1">
  <testcase classname="testclass.loginTest" name="Blank_Submit_Login" time="0.825"/>
  <testcase classname="testclass.loginTest" name="Login_with_wrong_Email" time="0.569"/>
  <testcase classname="testclass.loginTest" name="Login_with_wrong_Password" time="4.470"/>
  <testcase classname="testclass.loginTest" name="Login_With_Valid_Credentials" time="6.722"/>
  <testcase classname="testclass.loginTest" name="GoToProfile">
    <skipped/>
  </testcase> <!-- GoToProfile -->
</testsuite> <!-- testclass.loginTest -->
