<?xml version="1.0" encoding="UTF-8"?>
<!-- Generated by org.testng.reporters.JUnitReportReporter -->
<testsuite hostname="DESKTOP-DBL0MJR" failures="0" tests="1" name="testCases.WithoutLogin" time="0.412" errors="0" timestamp="2019-10-10T15:19:39 IST" skipped="0">
  <testcase classname="testCases.WithoutLogin" name="Verify_UserRedirected" time="0.412"/>
</testsuite> <!-- testCases.WithoutLogin -->
