<?xml version="1.0" encoding="UTF-8"?>
<!-- Generated by org.testng.reporters.JUnitReportReporter -->
<testsuite hostname="MT11-410" failures="0" tests="7" name="testclass.LeftMenuPanelTest" time="10.862" errors="0" timestamp="2020-01-08T11:05:51 IST" skipped="6">
  <testcase classname="testclass.LeftMenuPanelTest" name="loginToPortal" time="10.862"/>
  <testcase classname="testclass.LeftMenuPanelTest" name="Fill_Profile_Details">
    <skipped/>
  </testcase> <!-- Fill_Profile_Details -->
  <testcase classname="testclass.LeftMenuPanelTest" name="Go_To_profile">
    <skipped/>
  </testcase> <!-- Go_To_profile -->
  <testcase classname="testclass.LeftMenuPanelTest" name="Change_Password">
    <skipped/>
  </testcase> <!-- Change_Password -->
  <testcase classname="testclass.LeftMenuPanelTest" name="Changelanguage">
    <skipped/>
  </testcase> <!-- Changelanguage -->
  <testcase classname="testclass.LeftMenuPanelTest" name="Change_Theme">
    <skipped/>
  </testcase> <!-- Change_Theme -->
  <testcase classname="testclass.LeftMenuPanelTest" name="Select_Time_formate">
    <skipped/>
  </testcase> <!-- Select_Time_formate -->
</testsuite> <!-- testclass.LeftMenuPanelTest -->
