<?xml version="1.0" encoding="UTF-8"?>
<!-- Generated by org.testng.reporters.JUnitReportReporter -->
<testsuite hostname="MT11-410" failures="0" tests="5" name="testclass.loginTest" time="23.146" errors="0" timestamp="2020-02-03T15:54:42 IST" skipped="1">
  <testcase classname="testclass.loginTest" name="Blank_Submit_Login" time="4.867"/>
  <testcase classname="testclass.loginTest" name="Login_with_Invalid_Password" time="4.286"/>
  <testcase classname="testclass.loginTest" name="Login_with_wrong_Email" time="2.811"/>
  <testcase classname="testclass.loginTest" name="Login_With_Valid_Credentials" time="11.182"/>
  <testcase classname="testclass.loginTest" name="GoToProfile">
    <skipped/>
  </testcase> <!-- GoToProfile -->
</testsuite> <!-- testclass.loginTest -->
