<?xml version="1.0" encoding="UTF-8"?>
<!-- Generated by org.testng.reporters.JUnitReportReporter -->
<testsuite hostname="DESKTOP-DBL0MJR" failures="0" tests="1" name="testCases.Login" time="0.776" errors="0" timestamp="2019-10-16T17:54:32 IST" skipped="0">
  <testcase classname="testCases.Login" name="BlankSubmitLogin" time="0.776"/>
</testsuite> <!-- testCases.Login -->
